<?xml version="1.0" encoding="UTF-8"?>
<!-- Generated by org.testng.reporters.JUnitReportReporter -->
<testsuite hostname="Kavin" failures="0" tests="6" name="TestCases.TC_01_Login" time="26.157" errors="0" timestamp="2024-09-05T11:27:45 IST" skipped="0">
  <testcase classname="TestCases.TC_01_Login" name="TC_01_Login" time="3.289"/>
  <testcase classname="TestCases.TC_01_Login" name="TC_01_Login" time="8.245"/>
  <testcase classname="TestCases.TC_01_Login" name="TC_01_Login" time="4.337"/>
  <testcase classname="TestCases.TC_01_Login" name="TC_01_Login" time="3.939"/>
  <testcase classname="TestCases.TC_01_Login" name="TC_01_Login" time="3.224"/>
  <testcase classname="TestCases.TC_01_Login" name="TC_01_Login" time="3.123"/>
</testsuite> <!-- TestCases.TC_01_Login -->
