<?xml version="1.0" encoding="UTF-8"?>
<!-- Generated by org.testng.reporters.JUnitReportReporter -->
<testsuite hostname="Kavin" failures="0" tests="1" name="TestCases.TC_02_Enterpage" time="6.941" errors="0" timestamp="2024-09-05T17:07:46 IST" skipped="0">
  <testcase classname="TestCases.TC_02_Enterpage" name="TC_02_Enterpage" time="6.941"/>
</testsuite> <!-- TestCases.TC_02_Enterpage -->
